2025-03-25T14:26:41.516+05:30  INFO 21988 --- [passenger-service] [restartedMain] c.r.p.PassengerServiceApplication        : Starting PassengerServiceApplication using Java 22.0.2 with PID 21988 (C:\Users\DAVINASH\Downloads\Railway-Reservasion-System-main\Railway-Reservasion-System-main\passenger-service\passenger-service\target\classes started by davinash in C:\Users\DAVINASH\Downloads\Railway-Reservasion-System-main\Railway-Reservasion-System-main\passenger-service\passenger-service)
2025-03-25T14:26:41.597+05:30  INFO 21988 --- [passenger-service] [restartedMain] c.r.p.PassengerServiceApplication        : No active profile set, falling back to 1 default profile: "default"
2025-03-25T14:26:41.781+05:30  INFO 21988 --- [passenger-service] [restartedMain] .e.DevToolsPropertyDefaultsPostProcessor : Devtools property defaults active! Set 'spring.devtools.add-properties' to 'false' to disable
2025-03-25T14:26:41.783+05:30  INFO 21988 --- [passenger-service] [restartedMain] .e.DevToolsPropertyDefaultsPostProcessor : For additional web related logging consider setting the 'logging.level.web' property to 'DEBUG'
2025-03-25T14:26:43.598+05:30  INFO 21988 --- [passenger-service] [restartedMain] .s.d.r.c.RepositoryConfigurationDelegate : Bootstrapping Spring Data JPA repositories in DEFAULT mode.
2025-03-25T14:26:43.926+05:30  INFO 21988 --- [passenger-service] [restartedMain] .s.d.r.c.RepositoryConfigurationDelegate : Finished Spring Data repository scanning in 298 ms. Found 1 JPA repository interface.
2025-03-25T14:26:44.465+05:30  INFO 21988 --- [passenger-service] [restartedMain] o.s.cloud.context.scope.GenericScope     : BeanFactory id=26585b82-a9c2-379f-9921-0fc69e45f156
2025-03-25T14:26:45.572+05:30  INFO 21988 --- [passenger-service] [restartedMain] o.s.b.w.embedded.tomcat.TomcatWebServer  : Tomcat initialized with port 8084 (http)
2025-03-25T14:26:45.601+05:30  INFO 21988 --- [passenger-service] [restartedMain] o.apache.catalina.core.StandardService   : Starting service [Tomcat]
2025-03-25T14:26:45.601+05:30  INFO 21988 --- [passenger-service] [restartedMain] o.apache.catalina.core.StandardEngine    : Starting Servlet engine: [Apache Tomcat/10.1.34]
2025-03-25T14:26:45.724+05:30  INFO 21988 --- [passenger-service] [restartedMain] o.a.c.c.C.[Tomcat].[localhost].[/]       : Initializing Spring embedded WebApplicationContext
2025-03-25T14:26:45.725+05:30  INFO 21988 --- [passenger-service] [restartedMain] w.s.c.ServletWebServerApplicationContext : Root WebApplicationContext: initialization completed in 3937 ms
2025-03-25T14:26:46.151+05:30  INFO 21988 --- [passenger-service] [restartedMain] o.hibernate.jpa.internal.util.LogHelper  : HHH000204: Processing PersistenceUnitInfo [name: default]
2025-03-25T14:26:46.343+05:30  INFO 21988 --- [passenger-service] [restartedMain] org.hibernate.Version                    : HHH000412: Hibernate ORM core version 6.6.5.Final
2025-03-25T14:26:46.439+05:30  INFO 21988 --- [passenger-service] [restartedMain] o.h.c.internal.RegionFactoryInitiator    : HHH000026: Second-level cache disabled
2025-03-25T14:26:47.245+05:30  INFO 21988 --- [passenger-service] [restartedMain] o.s.o.j.p.SpringPersistenceUnitInfo      : No LoadTimeWeaver setup: ignoring JPA class transformer
2025-03-25T14:26:47.331+05:30  INFO 21988 --- [passenger-service] [restartedMain] com.zaxxer.hikari.HikariDataSource       : HikariPool-1 - Starting...
2025-03-25T14:26:48.183+05:30  INFO 21988 --- [passenger-service] [restartedMain] com.zaxxer.hikari.pool.HikariPool        : HikariPool-1 - Added connection com.mysql.cj.jdbc.ConnectionImpl@20b9adcf
2025-03-25T14:26:48.189+05:30  INFO 21988 --- [passenger-service] [restartedMain] com.zaxxer.hikari.HikariDataSource       : HikariPool-1 - Start completed.
2025-03-25T14:26:48.327+05:30  WARN 21988 --- [passenger-service] [restartedMain] org.hibernate.orm.deprecation            : HHH90000025: MySQL8Dialect does not need to be specified explicitly using 'hibernate.dialect' (remove the property setting and it will be selected by default)
2025-03-25T14:26:48.330+05:30  WARN 21988 --- [passenger-service] [restartedMain] org.hibernate.orm.deprecation            : HHH90000026: MySQL8Dialect has been deprecated; use org.hibernate.dialect.MySQLDialect instead
2025-03-25T14:26:48.388+05:30  INFO 21988 --- [passenger-service] [restartedMain] org.hibernate.orm.connections.pooling    : HHH10001005: Database info:
	Database JDBC URL [Connecting through datasource 'HikariDataSource (HikariPool-1)']
	Database driver: undefined/unknown
	Database version: 8.0
	Autocommit mode: undefined/unknown
	Isolation level: undefined/unknown
	Minimum pool size: undefined/unknown
	Maximum pool size: undefined/unknown
2025-03-25T14:26:50.153+05:30  INFO 21988 --- [passenger-service] [restartedMain] o.h.e.t.j.p.i.JtaPlatformInitiator       : HHH000489: No JTA platform available (set 'hibernate.transaction.jta.platform' to enable JTA platform integration)
2025-03-25T14:26:50.300+05:30  INFO 21988 --- [passenger-service] [restartedMain] j.LocalContainerEntityManagerFactoryBean : Initialized JPA EntityManagerFactory for persistence unit 'default'
2025-03-25T14:26:51.275+05:30  WARN 21988 --- [passenger-service] [restartedMain] JpaBaseConfiguration$JpaWebConfiguration : spring.jpa.open-in-view is enabled by default. Therefore, database queries may be performed during view rendering. Explicitly configure spring.jpa.open-in-view to disable this warning
2025-03-25T14:26:52.281+05:30  WARN 21988 --- [passenger-service] [restartedMain] o.s.b.d.a.OptionalLiveReloadServer       : Unable to start LiveReload server
2025-03-25T14:26:52.419+05:30  INFO 21988 --- [passenger-service] [restartedMain] DiscoveryClientOptionalArgsConfiguration : Eureka HTTP Client uses RestTemplate.
2025-03-25T14:26:52.512+05:30  WARN 21988 --- [passenger-service] [restartedMain] iguration$LoadBalancerCaffeineWarnLogger : Spring Cloud LoadBalancer is currently working with the default cache. While this cache implementation is useful for development and tests, it's recommended to use Caffeine cache in production.You can switch to using Caffeine cache, by adding it and org.springframework.cache.caffeine.CaffeineCacheManager to the classpath.
2025-03-25T14:26:52.569+05:30  INFO 21988 --- [passenger-service] [restartedMain] o.s.c.n.eureka.InstanceInfoFactory       : Setting initial instance status as: STARTING
2025-03-25T14:26:52.625+05:30  INFO 21988 --- [passenger-service] [restartedMain] com.netflix.discovery.DiscoveryClient    : Initializing Eureka in region us-east-1
2025-03-25T14:26:52.636+05:30  INFO 21988 --- [passenger-service] [restartedMain] c.n.d.s.r.aws.ConfigClusterResolver      : Resolving eureka endpoints via configuration
2025-03-25T14:26:52.658+05:30  INFO 21988 --- [passenger-service] [restartedMain] com.netflix.discovery.DiscoveryClient    : Disable delta property : false
2025-03-25T14:26:52.658+05:30  INFO 21988 --- [passenger-service] [restartedMain] com.netflix.discovery.DiscoveryClient    : Single vip registry refresh property : null
2025-03-25T14:26:52.658+05:30  INFO 21988 --- [passenger-service] [restartedMain] com.netflix.discovery.DiscoveryClient    : Force full registry fetch : false
2025-03-25T14:26:52.659+05:30  INFO 21988 --- [passenger-service] [restartedMain] com.netflix.discovery.DiscoveryClient    : Application is null : false
2025-03-25T14:26:52.659+05:30  INFO 21988 --- [passenger-service] [restartedMain] com.netflix.discovery.DiscoveryClient    : Registered Applications size is zero : true
2025-03-25T14:26:52.659+05:30  INFO 21988 --- [passenger-service] [restartedMain] com.netflix.discovery.DiscoveryClient    : Application version is -1: true
2025-03-25T14:26:52.659+05:30  INFO 21988 --- [passenger-service] [restartedMain] com.netflix.discovery.DiscoveryClient    : Getting all instance registry info from the eureka server
2025-03-25T14:26:53.248+05:30  INFO 21988 --- [passenger-service] [restartedMain] com.netflix.discovery.DiscoveryClient    : The response status is 200
2025-03-25T14:26:53.250+05:30  INFO 21988 --- [passenger-service] [restartedMain] com.netflix.discovery.DiscoveryClient    : Starting heartbeat executor: renew interval is: 30
2025-03-25T14:26:53.254+05:30  INFO 21988 --- [passenger-service] [restartedMain] c.n.discovery.InstanceInfoReplicator     : InstanceInfoReplicator onDemand update allowed rate per min is 4
2025-03-25T14:26:53.258+05:30  INFO 21988 --- [passenger-service] [restartedMain] com.netflix.discovery.DiscoveryClient    : Discovery Client initialized at timestamp 1742893013256 with initial instances count: 0
2025-03-25T14:26:53.265+05:30  INFO 21988 --- [passenger-service] [restartedMain] o.s.c.n.e.s.EurekaServiceRegistry        : Registering application PASSENGER-SERVICE with eureka with status UP
2025-03-25T14:26:53.267+05:30  INFO 21988 --- [passenger-service] [restartedMain] com.netflix.discovery.DiscoveryClient    : Saw local status change event StatusChangeEvent [timestamp=1742893013267, current=UP, previous=STARTING]
2025-03-25T14:26:53.271+05:30  INFO 21988 --- [passenger-service] [DiscoveryClient-InstanceInfoReplicator-%d] com.netflix.discovery.DiscoveryClient    : DiscoveryClient_PASSENGER-SERVICE/LIN-5CG95147V7.corp.capgemini.com:passenger-service:8084: registering service...
2025-03-25T14:26:53.319+05:30  INFO 21988 --- [passenger-service] [restartedMain] o.s.b.w.embedded.tomcat.TomcatWebServer  : Tomcat started on port 8084 (http) with context path '/'
2025-03-25T14:26:53.321+05:30  INFO 21988 --- [passenger-service] [restartedMain] .s.c.n.e.s.EurekaAutoServiceRegistration : Updating port to 8084
2025-03-25T14:26:53.349+05:30  INFO 21988 --- [passenger-service] [restartedMain] c.r.p.PassengerServiceApplication        : Started PassengerServiceApplication in 13.172 seconds (process running for 14.896)
2025-03-25T14:26:53.371+05:30  INFO 21988 --- [passenger-service] [DiscoveryClient-InstanceInfoReplicator-%d] com.netflix.discovery.DiscoveryClient    : DiscoveryClient_PASSENGER-SERVICE/LIN-5CG95147V7.corp.capgemini.com:passenger-service:8084 - registration status: 204
2025-03-25T14:27:23.259+05:30  INFO 21988 --- [passenger-service] [DiscoveryClient-CacheRefreshExecutor-%d] com.netflix.discovery.DiscoveryClient    : Disable delta property : false
2025-03-25T14:27:23.260+05:30  INFO 21988 --- [passenger-service] [DiscoveryClient-CacheRefreshExecutor-%d] com.netflix.discovery.DiscoveryClient    : Single vip registry refresh property : null
2025-03-25T14:27:23.260+05:30  INFO 21988 --- [passenger-service] [DiscoveryClient-CacheRefreshExecutor-%d] com.netflix.discovery.DiscoveryClient    : Force full registry fetch : false
2025-03-25T14:27:23.260+05:30  INFO 21988 --- [passenger-service] [DiscoveryClient-CacheRefreshExecutor-%d] com.netflix.discovery.DiscoveryClient    : Application is null : false
2025-03-25T14:27:23.260+05:30  INFO 21988 --- [passenger-service] [DiscoveryClient-CacheRefreshExecutor-%d] com.netflix.discovery.DiscoveryClient    : Registered Applications size is zero : true
2025-03-25T14:27:23.261+05:30  INFO 21988 --- [passenger-service] [DiscoveryClient-CacheRefreshExecutor-%d] com.netflix.discovery.DiscoveryClient    : Application version is -1: false
2025-03-25T14:27:23.261+05:30  INFO 21988 --- [passenger-service] [DiscoveryClient-CacheRefreshExecutor-%d] com.netflix.discovery.DiscoveryClient    : Getting all instance registry info from the eureka server
2025-03-25T14:27:23.299+05:30  INFO 21988 --- [passenger-service] [DiscoveryClient-CacheRefreshExecutor-%d] com.netflix.discovery.DiscoveryClient    : The response status is 200
2025-03-25T14:31:52.551+05:30  INFO 21988 --- [passenger-service] [AsyncResolver-bootstrap-executor-%d] c.n.d.s.r.aws.ConfigClusterResolver      : Resolving eureka endpoints via configuration
2025-03-25T14:36:52.506+05:30  INFO 21988 --- [passenger-service] [AsyncResolver-bootstrap-executor-%d] c.n.d.s.r.aws.ConfigClusterResolver      : Resolving eureka endpoints via configuration
2025-03-25T14:41:52.518+05:30  INFO 21988 --- [passenger-service] [AsyncResolver-bootstrap-executor-%d] c.n.d.s.r.aws.ConfigClusterResolver      : Resolving eureka endpoints via configuration
2025-03-25T14:46:52.554+05:30  INFO 21988 --- [passenger-service] [AsyncResolver-bootstrap-executor-%d] c.n.d.s.r.aws.ConfigClusterResolver      : Resolving eureka endpoints via configuration
2025-03-25T14:51:52.565+05:30  INFO 21988 --- [passenger-service] [AsyncResolver-bootstrap-executor-%d] c.n.d.s.r.aws.ConfigClusterResolver      : Resolving eureka endpoints via configuration
2025-03-25T14:56:52.574+05:30  INFO 21988 --- [passenger-service] [AsyncResolver-bootstrap-executor-%d] c.n.d.s.r.aws.ConfigClusterResolver      : Resolving eureka endpoints via configuration
2025-03-25T15:01:52.579+05:30  INFO 21988 --- [passenger-service] [AsyncResolver-bootstrap-executor-%d] c.n.d.s.r.aws.ConfigClusterResolver      : Resolving eureka endpoints via configuration
2025-03-25T15:06:52.579+05:30  INFO 21988 --- [passenger-service] [AsyncResolver-bootstrap-executor-%d] c.n.d.s.r.aws.ConfigClusterResolver      : Resolving eureka endpoints via configuration
2025-03-25T15:11:52.583+05:30  INFO 21988 --- [passenger-service] [AsyncResolver-bootstrap-executor-%d] c.n.d.s.r.aws.ConfigClusterResolver      : Resolving eureka endpoints via configuration
2025-03-25T15:16:52.582+05:30  INFO 21988 --- [passenger-service] [AsyncResolver-bootstrap-executor-%d] c.n.d.s.r.aws.ConfigClusterResolver      : Resolving eureka endpoints via configuration
2025-03-25T15:21:46.087+05:30  INFO 21988 --- [passenger-service] [http-nio-8084-exec-2] o.a.c.c.C.[Tomcat].[localhost].[/]       : Initializing Spring DispatcherServlet 'dispatcherServlet'
2025-03-25T15:21:46.088+05:30  INFO 21988 --- [passenger-service] [http-nio-8084-exec-2] o.s.web.servlet.DispatcherServlet        : Initializing Servlet 'dispatcherServlet'
2025-03-25T15:21:46.115+05:30  INFO 21988 --- [passenger-service] [http-nio-8084-exec-2] o.s.web.servlet.DispatcherServlet        : Completed initialization in 26 ms
2025-03-25T15:21:46.345+05:30  INFO 21988 --- [passenger-service] [http-nio-8084-exec-2] c.r.p.controller.PassengerController     : Adding new passenger: john.doe@example.com
2025-03-25T15:21:46.620+05:30  INFO 21988 --- [passenger-service] [http-nio-8084-exec-2] c.r.p.service.PassengerServiceImpl       : Passenger added with ID: 2
2025-03-25T15:21:52.571+05:30  INFO 21988 --- [passenger-service] [AsyncResolver-bootstrap-executor-%d] c.n.d.s.r.aws.ConfigClusterResolver      : Resolving eureka endpoints via configuration
2025-03-25T15:24:38.522+05:30  INFO 21988 --- [passenger-service] [http-nio-8084-exec-3] c.r.p.controller.PassengerController     : Adding new passenger: devarasettiavinash08@gmail.com
2025-03-25T15:24:38.534+05:30  INFO 21988 --- [passenger-service] [http-nio-8084-exec-3] c.r.p.service.PassengerServiceImpl       : Passenger added with ID: 3
2025-03-25T15:26:52.573+05:30  INFO 21988 --- [passenger-service] [AsyncResolver-bootstrap-executor-%d] c.n.d.s.r.aws.ConfigClusterResolver      : Resolving eureka endpoints via configuration
2025-03-25T15:31:52.585+05:30  INFO 21988 --- [passenger-service] [AsyncResolver-bootstrap-executor-%d] c.n.d.s.r.aws.ConfigClusterResolver      : Resolving eureka endpoints via configuration
2025-03-25T15:36:52.576+05:30  INFO 21988 --- [passenger-service] [AsyncResolver-bootstrap-executor-%d] c.n.d.s.r.aws.ConfigClusterResolver      : Resolving eureka endpoints via configuration
2025-03-25T15:41:52.573+05:30  INFO 21988 --- [passenger-service] [AsyncResolver-bootstrap-executor-%d] c.n.d.s.r.aws.ConfigClusterResolver      : Resolving eureka endpoints via configuration
2025-03-25T15:46:52.586+05:30  INFO 21988 --- [passenger-service] [AsyncResolver-bootstrap-executor-%d] c.n.d.s.r.aws.ConfigClusterResolver      : Resolving eureka endpoints via configuration
2025-03-25T15:58:08.016+05:30  WARN 21988 --- [passenger-service] [HikariPool-1 housekeeper] com.zaxxer.hikari.pool.HikariPool        : HikariPool-1 - Thread starvation or clock leap detected (housekeeper delta=8m48s660ms955µs200ns).
2025-03-25T16:00:11.189+05:30  INFO 21988 --- [passenger-service] [AsyncResolver-bootstrap-executor-%d] c.n.d.s.r.aws.ConfigClusterResolver      : Resolving eureka endpoints via configuration
2025-03-25T16:05:11.212+05:30  INFO 21988 --- [passenger-service] [AsyncResolver-bootstrap-executor-%d] c.n.d.s.r.aws.ConfigClusterResolver      : Resolving eureka endpoints via configuration
2025-03-25T16:10:11.245+05:30  INFO 21988 --- [passenger-service] [AsyncResolver-bootstrap-executor-%d] c.n.d.s.r.aws.ConfigClusterResolver      : Resolving eureka endpoints via configuration
2025-03-25T16:15:11.246+05:30  INFO 21988 --- [passenger-service] [AsyncResolver-bootstrap-executor-%d] c.n.d.s.r.aws.ConfigClusterResolver      : Resolving eureka endpoints via configuration
2025-03-25T16:33:06.483+05:30  WARN 21988 --- [passenger-service] [HikariPool-1 housekeeper] com.zaxxer.hikari.pool.HikariPool        : HikariPool-1 - Thread starvation or clock leap detected (housekeeper delta=15m58s135ms506µs600ns).
2025-03-25T16:35:39.370+05:30  INFO 21988 --- [passenger-service] [AsyncResolver-bootstrap-executor-%d] c.n.d.s.r.aws.ConfigClusterResolver      : Resolving eureka endpoints via configuration
2025-03-25T16:40:39.248+05:30  INFO 21988 --- [passenger-service] [AsyncResolver-bootstrap-executor-%d] c.n.d.s.r.aws.ConfigClusterResolver      : Resolving eureka endpoints via configuration
2025-03-25T16:45:39.067+05:30  INFO 21988 --- [passenger-service] [AsyncResolver-bootstrap-executor-%d] c.n.d.s.r.aws.ConfigClusterResolver      : Resolving eureka endpoints via configuration
2025-03-25T16:50:39.075+05:30  INFO 21988 --- [passenger-service] [AsyncResolver-bootstrap-executor-%d] c.n.d.s.r.aws.ConfigClusterResolver      : Resolving eureka endpoints via configuration
2025-03-25T16:55:39.095+05:30  INFO 21988 --- [passenger-service] [AsyncResolver-bootstrap-executor-%d] c.n.d.s.r.aws.ConfigClusterResolver      : Resolving eureka endpoints via configuration
2025-03-25T17:00:39.105+05:30  INFO 21988 --- [passenger-service] [AsyncResolver-bootstrap-executor-%d] c.n.d.s.r.aws.ConfigClusterResolver      : Resolving eureka endpoints via configuration
2025-03-25T17:05:39.122+05:30  INFO 21988 --- [passenger-service] [AsyncResolver-bootstrap-executor-%d] c.n.d.s.r.aws.ConfigClusterResolver      : Resolving eureka endpoints via configuration
2025-03-25T19:52:51.364+05:30  WARN 21988 --- [passenger-service] [HikariPool-1 housekeeper] com.zaxxer.hikari.pool.HikariPool        : HikariPool-1 - Thread starvation or clock leap detected (housekeeper delta=2h44m44s617ms465µs).
2025-03-25T19:54:53.715+05:30  INFO 21988 --- [passenger-service] [AsyncResolver-bootstrap-executor-%d] c.n.d.s.r.aws.ConfigClusterResolver      : Resolving eureka endpoints via configuration
2025-03-25T19:59:53.732+05:30  INFO 21988 --- [passenger-service] [AsyncResolver-bootstrap-executor-%d] c.n.d.s.r.aws.ConfigClusterResolver      : Resolving eureka endpoints via configuration
2025-03-25T20:04:53.776+05:30  INFO 21988 --- [passenger-service] [AsyncResolver-bootstrap-executor-%d] c.n.d.s.r.aws.ConfigClusterResolver      : Resolving eureka endpoints via configuration
2025-03-25T20:09:53.802+05:30  INFO 21988 --- [passenger-service] [AsyncResolver-bootstrap-executor-%d] c.n.d.s.r.aws.ConfigClusterResolver      : Resolving eureka endpoints via configuration
2025-03-25T20:14:53.722+05:30  INFO 21988 --- [passenger-service] [AsyncResolver-bootstrap-executor-%d] c.n.d.s.r.aws.ConfigClusterResolver      : Resolving eureka endpoints via configuration
2025-03-25T20:19:53.720+05:30  INFO 21988 --- [passenger-service] [AsyncResolver-bootstrap-executor-%d] c.n.d.s.r.aws.ConfigClusterResolver      : Resolving eureka endpoints via configuration
2025-03-25T20:24:53.722+05:30  INFO 21988 --- [passenger-service] [AsyncResolver-bootstrap-executor-%d] c.n.d.s.r.aws.ConfigClusterResolver      : Resolving eureka endpoints via configuration
2025-03-25T20:29:53.728+05:30  INFO 21988 --- [passenger-service] [AsyncResolver-bootstrap-executor-%d] c.n.d.s.r.aws.ConfigClusterResolver      : Resolving eureka endpoints via configuration
2025-03-25T20:34:53.743+05:30  INFO 21988 --- [passenger-service] [AsyncResolver-bootstrap-executor-%d] c.n.d.s.r.aws.ConfigClusterResolver      : Resolving eureka endpoints via configuration
2025-03-25T20:39:53.754+05:30  INFO 21988 --- [passenger-service] [AsyncResolver-bootstrap-executor-%d] c.n.d.s.r.aws.ConfigClusterResolver      : Resolving eureka endpoints via configuration
2025-03-25T20:44:53.760+05:30  INFO 21988 --- [passenger-service] [AsyncResolver-bootstrap-executor-%d] c.n.d.s.r.aws.ConfigClusterResolver      : Resolving eureka endpoints via configuration
2025-03-25T20:49:53.778+05:30  INFO 21988 --- [passenger-service] [AsyncResolver-bootstrap-executor-%d] c.n.d.s.r.aws.ConfigClusterResolver      : Resolving eureka endpoints via configuration
2025-03-25T20:54:53.792+05:30  INFO 21988 --- [passenger-service] [AsyncResolver-bootstrap-executor-%d] c.n.d.s.r.aws.ConfigClusterResolver      : Resolving eureka endpoints via configuration
2025-03-25T20:59:53.818+05:30  INFO 21988 --- [passenger-service] [AsyncResolver-bootstrap-executor-%d] c.n.d.s.r.aws.ConfigClusterResolver      : Resolving eureka endpoints via configuration
2025-03-25T21:04:53.837+05:30  INFO 21988 --- [passenger-service] [AsyncResolver-bootstrap-executor-%d] c.n.d.s.r.aws.ConfigClusterResolver      : Resolving eureka endpoints via configuration
2025-03-25T21:09:53.849+05:30  INFO 21988 --- [passenger-service] [AsyncResolver-bootstrap-executor-%d] c.n.d.s.r.aws.ConfigClusterResolver      : Resolving eureka endpoints via configuration
2025-03-25T21:14:53.852+05:30  INFO 21988 --- [passenger-service] [AsyncResolver-bootstrap-executor-%d] c.n.d.s.r.aws.ConfigClusterResolver      : Resolving eureka endpoints via configuration
2025-03-25T21:19:53.854+05:30  INFO 21988 --- [passenger-service] [AsyncResolver-bootstrap-executor-%d] c.n.d.s.r.aws.ConfigClusterResolver      : Resolving eureka endpoints via configuration
2025-03-25T21:24:53.857+05:30  INFO 21988 --- [passenger-service] [AsyncResolver-bootstrap-executor-%d] c.n.d.s.r.aws.ConfigClusterResolver      : Resolving eureka endpoints via configuration
2025-03-25T21:29:53.859+05:30  INFO 21988 --- [passenger-service] [AsyncResolver-bootstrap-executor-%d] c.n.d.s.r.aws.ConfigClusterResolver      : Resolving eureka endpoints via configuration
2025-03-25T21:34:53.865+05:30  INFO 21988 --- [passenger-service] [AsyncResolver-bootstrap-executor-%d] c.n.d.s.r.aws.ConfigClusterResolver      : Resolving eureka endpoints via configuration
2025-03-25T21:39:53.876+05:30  INFO 21988 --- [passenger-service] [AsyncResolver-bootstrap-executor-%d] c.n.d.s.r.aws.ConfigClusterResolver      : Resolving eureka endpoints via configuration
2025-03-25T21:44:53.881+05:30  INFO 21988 --- [passenger-service] [AsyncResolver-bootstrap-executor-%d] c.n.d.s.r.aws.ConfigClusterResolver      : Resolving eureka endpoints via configuration
